<?xml version="1.0" encoding="UTF-8"?>
<!-- Generated by org.testng.reporters.JUnitReportReporter -->
<testsuite hostname="DESKTOP-CLB1PA9" failures="0" tests="3" name="ratnesh.SeleniumFrameworkDesign.Test.SubmitOrderTest" time="46.956" errors="0" timestamp="15 Feb 2024 06:59:33 GMT" skipped="0">
  <testcase classname="ratnesh.SeleniumFrameworkDesign.Test.SubmitOrderTest" name="OrderHistoryTest" time="8.459"/>
  <testcase classname="ratnesh.SeleniumFrameworkDesign.Test.SubmitOrderTest" name="submitOrder" time="18.880"/>
  <testcase classname="ratnesh.SeleniumFrameworkDesign.Test.SubmitOrderTest" name="submitOrder" time="19.617"/>
</testsuite> <!-- ratnesh.SeleniumFrameworkDesign.Test.SubmitOrderTest -->
