<?xml version="1.0" encoding="UTF-8"?>
<!-- Generated by org.testng.reporters.JUnitReportReporter -->
<testsuite hostname="DESKTOP-CLB1PA9" failures="0" tests="2" name="ratnesh.SeleniumFrameworkDesign.Test.ErrorValidationsTest" time="27.351" errors="0" timestamp="15 Feb 2024 06:59:33 GMT" skipped="0">
  <testcase classname="ratnesh.SeleniumFrameworkDesign.Test.ErrorValidationsTest" name="productErrorValidation" time="15.968"/>
  <testcase classname="ratnesh.SeleniumFrameworkDesign.Test.ErrorValidationsTest" name="submitOrder" time="11.383"/>
</testsuite> <!-- ratnesh.SeleniumFrameworkDesign.Test.ErrorValidationsTest -->
