<?xml version="1.0" encoding="UTF-8"?>
<!-- Generated by org.testng.reporters.JUnitReportReporter -->
<testsuite hostname="DESKTOP-CLB1PA9" failures="0" tests="1" name="ratnesh.SeleniumFrameworkDesign.Test.ErrorValidations" time="35.051" errors="0" timestamp="11 Feb 2024 06:35:42 GMT" skipped="0">
  <testcase classname="ratnesh.SeleniumFrameworkDesign.Test.ErrorValidations" name="productErrorValidation" time="35.051"/>
</testsuite> <!-- ratnesh.SeleniumFrameworkDesign.Test.ErrorValidations -->
