<?xml version="1.0" encoding="UTF-8"?>
<!-- Generated by org.testng.reporters.JUnitReportReporter -->
<testsuite hostname="DESKTOP-CLB1PA9" failures="0" tests="3" name="ratnesh.SeleniumFrameworkDesign.Test.SubmitOrderTest" time="41.550" errors="0" timestamp="16 Feb 2024 05:58:35 GMT" skipped="0">
  <testcase classname="ratnesh.SeleniumFrameworkDesign.Test.SubmitOrderTest" name="OrderHistoryTest" time="6.760"/>
  <testcase classname="ratnesh.SeleniumFrameworkDesign.Test.SubmitOrderTest" name="submitOrder" time="16.969"/>
  <testcase classname="ratnesh.SeleniumFrameworkDesign.Test.SubmitOrderTest" name="submitOrder" time="17.821"/>
</testsuite> <!-- ratnesh.SeleniumFrameworkDesign.Test.SubmitOrderTest -->
