<?xml version="1.0" encoding="UTF-8"?>
<!-- Generated by org.testng.reporters.JUnitReportReporter -->
<testsuite hostname="DESKTOP-CLB1PA9" failures="0" tests="2" name="ratnesh.SeleniumFrameworkDesign.Test.ErrorValidationsTest" time="22.871" errors="0" timestamp="16 Feb 2024 05:58:35 GMT" skipped="0">
  <testcase classname="ratnesh.SeleniumFrameworkDesign.Test.ErrorValidationsTest" name="submitOrder" time="5.627"/>
  <testcase classname="ratnesh.SeleniumFrameworkDesign.Test.ErrorValidationsTest" name="productErrorValidation" time="17.244"/>
</testsuite> <!-- ratnesh.SeleniumFrameworkDesign.Test.ErrorValidationsTest -->
